{"C:\\Users\\SrIzquierdo\\Desktop\\isdicoders\\bootcamp\\week-5\\buuble\\Bubbles-202307-mad\\src\\config.ts": {"path":"C:\\Users\\SrIzquierdo\\Desktop\\isdicoders\\bootcamp\\week-5\\buuble\\Bubbles-202307-mad\\src\\config.ts","statementMap":{"0":{"start":{"line":3,"column":13},"end":{"line":8,"column":2}},"1":{"start":{"line":10,"column":13},"end":{"line":17,"column":2}}},"fnMap":{},"branchMap":{},"s":{"0":1,"1":1},"f":{},"b":{}}
,"C:\\Users\\SrIzquierdo\\Desktop\\isdicoders\\bootcamp\\week-5\\buuble\\Bubbles-202307-mad\\src\\component\\option_filter\\option_filter.tsx": {"path":"C:\\Users\\SrIzquierdo\\Desktop\\isdicoders\\bootcamp\\week-5\\buuble\\Bubbles-202307-mad\\src\\component\\option_filter\\option_filter.tsx","statementMap":{"0":{"start":{"line":1,"column":0},"end":{"line":1,"column":35}},"1":{"start":{"line":2,"column":0},"end":{"line":2,"column":47}},"2":{"start":{"line":3,"column":0},"end":{"line":3,"column":55}},"3":{"start":{"line":8,"column":6},"end":{"line":8,"column":28}},"4":{"start":{"line":9,"column":2},"end":{"line":27,"column":4}},"5":{"start":{"line":13,"column":10},"end":{"line":13,"column":69}},"6":{"start":{"line":21,"column":10},"end":{"line":21,"column":29}},"7":{"start":{"line":5,"column":0},"end":{"line":5,"column":16}}},"fnMap":{"0":{"name":"OptionFilter","decl":{"start":{"line":5,"column":16},"end":{"line":5,"column":28}},"loc":{"start":{"line":5,"column":28},"end":{"line":28,"column":1}}},"1":{"name":"(anonymous_1)","decl":{"start":{"line":12,"column":18},"end":{"line":12,"column":19}},"loc":{"start":{"line":12,"column":28},"end":{"line":14,"column":9}}},"2":{"name":"(anonymous_2)","decl":{"start":{"line":20,"column":29},"end":{"line":20,"column":30}},"loc":{"start":{"line":21,"column":10},"end":{"line":21,"column":29}}}},"branchMap":{},"s":{"0":1,"1":1,"2":1,"3":1,"4":1,"5":0,"6":6,"7":1},"f":{"0":1,"1":0,"2":6},"b":{}}
,"C:\\Users\\SrIzquierdo\\Desktop\\isdicoders\\bootcamp\\week-5\\buuble\\Bubbles-202307-mad\\src\\context\\app_context.ts": {"path":"C:\\Users\\SrIzquierdo\\Desktop\\isdicoders\\bootcamp\\week-5\\buuble\\Bubbles-202307-mad\\src\\context\\app_context.ts","statementMap":{"0":{"start":{"line":1,"column":0},"end":{"line":1,"column":38}},"1":{"start":{"line":8,"column":13},"end":{"line":10,"column":2}}},"fnMap":{},"branchMap":{},"s":{"0":1,"1":1},"f":{},"b":{}}
}
