{"C:\\Users\\SrIzquierdo\\Desktop\\isdicoders\\bootcamp\\week-5\\buuble\\Bubbles-202307-mad\\src\\hooks\\use_countries.ts": {"path":"C:\\Users\\SrIzquierdo\\Desktop\\isdicoders\\bootcamp\\week-5\\buuble\\Bubbles-202307-mad\\src\\hooks\\use_countries.ts","statementMap":{"0":{"start":{"line":1,"column":0},"end":{"line":1,"column":57}},"1":{"start":{"line":2,"column":0},"end":{"line":2,"column":47}},"2":{"start":{"line":4,"column":0},"end":{"line":4,"column":58}},"3":{"start":{"line":5,"column":0},"end":{"line":5,"column":null}},"4":{"start":{"line":9,"column":0},"end":{"line":9,"column":69}},"5":{"start":{"line":11,"column":16},"end":{"line":11,"column":52}},"6":{"start":{"line":12,"column":34},"end":{"line":12,"column":36}},"7":{"start":{"line":13,"column":18},"end":{"line":13,"column":19}},"8":{"start":{"line":14,"column":17},"end":{"line":14,"column":18}},"9":{"start":{"line":15,"column":23},"end":{"line":15,"column":28}},"10":{"start":{"line":17,"column":15},"end":{"line":17,"column":60}},"11":{"start":{"line":17,"column":29},"end":{"line":17,"column":55}},"12":{"start":{"line":18,"column":19},"end":{"line":18,"column":32}},"13":{"start":{"line":19,"column":32},"end":{"line":19,"column":64}},"14":{"start":{"line":20,"column":35},"end":{"line":22,"column":null}},"15":{"start":{"line":25,"column":27},"end":{"line":38,"column":12}},"16":{"start":{"line":26,"column":4},"end":{"line":37,"column":null}},"17":{"start":{"line":27,"column":24},"end":{"line":27,"column":43}},"18":{"start":{"line":28,"column":6},"end":{"line":28,"column":31}},"19":{"start":{"line":29,"column":6},"end":{"line":29,"column":48}},"20":{"start":{"line":30,"column":6},"end":{"line":34,"column":8}},"21":{"start":{"line":32,"column":43},"end":{"line":32,"column":71}},"22":{"start":{"line":36,"column":6},"end":{"line":36,"column":25}},"23":{"start":{"line":40,"column":26},"end":{"line":42,"column":3}},"24":{"start":{"line":41,"column":4},"end":{"line":41,"column":53}},"25":{"start":{"line":43,"column":26},"end":{"line":62,"column":3}},"26":{"start":{"line":44,"column":4},"end":{"line":46,"column":null}},"27":{"start":{"line":45,"column":6},"end":{"line":45,"column":22}},"28":{"start":{"line":47,"column":4},"end":{"line":47,"column":33}},"29":{"start":{"line":48,"column":4},"end":{"line":61,"column":null}},"30":{"start":{"line":49,"column":24},"end":{"line":50,"column":null}},"31":{"start":{"line":50,"column":21},"end":{"line":50,"column":49}},"32":{"start":{"line":52,"column":6},"end":{"line":52,"column":53}},"33":{"start":{"line":54,"column":31},"end":{"line":55,"column":null}},"34":{"start":{"line":55,"column":21},"end":{"line":55,"column":59}},"35":{"start":{"line":57,"column":24},"end":{"line":58,"column":null}},"36":{"start":{"line":58,"column":21},"end":{"line":58,"column":49}},"37":{"start":{"line":60,"column":6},"end":{"line":60,"column":53}},"38":{"start":{"line":64,"column":26},"end":{"line":86,"column":3}},"39":{"start":{"line":65,"column":29},"end":{"line":65,"column":30}},"40":{"start":{"line":66,"column":25},"end":{"line":66,"column":26}},"41":{"start":{"line":67,"column":15},"end":{"line":67,"column":16}},"42":{"start":{"line":69,"column":4},"end":{"line":71,"column":null}},"43":{"start":{"line":70,"column":6},"end":{"line":70,"column":34}},"44":{"start":{"line":72,"column":4},"end":{"line":82,"column":7}},"45":{"start":{"line":73,"column":6},"end":{"line":78,"column":null}},"46":{"start":{"line":74,"column":8},"end":{"line":74,"column":27}},"47":{"start":{"line":75,"column":8},"end":{"line":75,"column":15}},"48":{"start":{"line":77,"column":8},"end":{"line":77,"column":25}},"49":{"start":{"line":80,"column":6},"end":{"line":80,"column":26}},"50":{"start":{"line":81,"column":6},"end":{"line":81,"column":21}},"51":{"start":{"line":84,"column":4},"end":{"line":84,"column":70}},"52":{"start":{"line":85,"column":4},"end":{"line":85,"column":24}},"53":{"start":{"line":88,"column":19},"end":{"line":92,"column":3}},"54":{"start":{"line":89,"column":4},"end":{"line":89,"column":43}},"55":{"start":{"line":89,"column":36},"end":{"line":89,"column":43}},"56":{"start":{"line":90,"column":4},"end":{"line":90,"column":18}},"57":{"start":{"line":91,"column":4},"end":{"line":91,"column":38}},"58":{"start":{"line":94,"column":23},"end":{"line":98,"column":3}},"59":{"start":{"line":95,"column":4},"end":{"line":95,"column":34}},"60":{"start":{"line":95,"column":27},"end":{"line":95,"column":34}},"61":{"start":{"line":96,"column":4},"end":{"line":96,"column":18}},"62":{"start":{"line":97,"column":4},"end":{"line":97,"column":38}},"63":{"start":{"line":100,"column":2},"end":{"line":111,"column":4}},"64":{"start":{"line":16,"column":0},"end":{"line":16,"column":16}}},"fnMap":{"0":{"name":"useCountries","decl":{"start":{"line":16,"column":16},"end":{"line":16,"column":28}},"loc":{"start":{"line":16,"column":28},"end":{"line":112,"column":1}}},"1":{"name":"(anonymous_7)","decl":{"start":{"line":17,"column":23},"end":{"line":17,"column":26}},"loc":{"start":{"line":17,"column":29},"end":{"line":17,"column":55}}},"2":{"name":"(anonymous_8)","decl":{"start":{"line":25,"column":39},"end":{"line":25,"column":44}},"loc":{"start":{"line":25,"column":50},"end":{"line":38,"column":3}}},"3":{"name":"(anonymous_9)","decl":{"start":{"line":32,"column":30},"end":{"line":32,"column":31}},"loc":{"start":{"line":32,"column":43},"end":{"line":32,"column":71}}},"4":{"name":"(anonymous_10)","decl":{"start":{"line":40,"column":26},"end":{"line":40,"column":27}},"loc":{"start":{"line":40,"column":51},"end":{"line":42,"column":3}}},"5":{"name":"(anonymous_11)","decl":{"start":{"line":43,"column":26},"end":{"line":43,"column":27}},"loc":{"start":{"line":43,"column":48},"end":{"line":62,"column":3}}},"6":{"name":"(anonymous_12)","decl":{"start":{"line":50,"column":8},"end":{"line":50,"column":9}},"loc":{"start":{"line":50,"column":21},"end":{"line":50,"column":49}}},"7":{"name":"(anonymous_13)","decl":{"start":{"line":55,"column":8},"end":{"line":55,"column":9}},"loc":{"start":{"line":55,"column":21},"end":{"line":55,"column":59}}},"8":{"name":"(anonymous_14)","decl":{"start":{"line":58,"column":8},"end":{"line":58,"column":9}},"loc":{"start":{"line":58,"column":21},"end":{"line":58,"column":49}}},"9":{"name":"(anonymous_15)","decl":{"start":{"line":64,"column":26},"end":{"line":64,"column":27}},"loc":{"start":{"line":64,"column":58},"end":{"line":86,"column":3}}},"10":{"name":"(anonymous_16)","decl":{"start":{"line":72,"column":36},"end":{"line":72,"column":37}},"loc":{"start":{"line":72,"column":48},"end":{"line":82,"column":5}}},"11":{"name":"(anonymous_17)","decl":{"start":{"line":88,"column":19},"end":{"line":88,"column":22}},"loc":{"start":{"line":88,"column":24},"end":{"line":92,"column":3}}},"12":{"name":"(anonymous_18)","decl":{"start":{"line":94,"column":23},"end":{"line":94,"column":26}},"loc":{"start":{"line":94,"column":28},"end":{"line":98,"column":3}}}},"branchMap":{"0":{"loc":{"start":{"line":44,"column":4},"end":{"line":46,"column":null}},"type":"if","locations":[{"start":{"line":44,"column":4},"end":{"line":46,"column":null}}]},"1":{"loc":{"start":{"line":48,"column":4},"end":{"line":61,"column":null}},"type":"if","locations":[{"start":{"line":48,"column":4},"end":{"line":61,"column":null}},{"start":{"line":53,"column":11},"end":{"line":61,"column":null}}]},"2":{"loc":{"start":{"line":69,"column":4},"end":{"line":71,"column":null}},"type":"if","locations":[{"start":{"line":69,"column":4},"end":{"line":71,"column":null}}]},"3":{"loc":{"start":{"line":73,"column":6},"end":{"line":78,"column":null}},"type":"if","locations":[{"start":{"line":73,"column":6},"end":{"line":78,"column":null}},{"start":{"line":76,"column":13},"end":{"line":78,"column":null}}]},"4":{"loc":{"start":{"line":89,"column":4},"end":{"line":89,"column":43}},"type":"if","locations":[{"start":{"line":89,"column":4},"end":{"line":89,"column":43}}]},"5":{"loc":{"start":{"line":95,"column":4},"end":{"line":95,"column":34}},"type":"if","locations":[{"start":{"line":95,"column":4},"end":{"line":95,"column":34}}]}},"s":{"0":1,"1":1,"2":1,"3":1,"4":1,"5":1,"6":1,"7":1,"8":1,"9":1,"10":11,"11":6,"12":11,"13":11,"14":11,"15":11,"16":2,"17":2,"18":1,"19":1,"20":1,"21":2,"22":1,"23":11,"24":1,"25":11,"26":2,"27":2,"28":2,"29":2,"30":1,"31":2,"32":1,"33":1,"34":2,"35":1,"36":1,"37":1,"38":11,"39":3,"40":3,"41":3,"42":3,"43":0,"44":3,"45":5,"46":0,"47":0,"48":5,"49":5,"50":5,"51":3,"52":3,"53":11,"54":0,"55":0,"56":0,"57":0,"58":11,"59":0,"60":0,"61":0,"62":0,"63":11,"64":1},"f":{"0":11,"1":6,"2":2,"3":2,"4":1,"5":2,"6":2,"7":2,"8":1,"9":3,"10":5,"11":0,"12":0},"b":{"0":[2],"1":[1,1],"2":[0],"3":[0,5],"4":[0],"5":[0]}}
,"C:\\Users\\SrIzquierdo\\Desktop\\isdicoders\\bootcamp\\week-5\\buuble\\Bubbles-202307-mad\\src\\reducer\\countries.action.creator.ts": {"path":"C:\\Users\\SrIzquierdo\\Desktop\\isdicoders\\bootcamp\\week-5\\buuble\\Bubbles-202307-mad\\src\\reducer\\countries.action.creator.ts","statementMap":{"0":{"start":{"line":6,"column":0},"end":{"line":6,"column":59}},"1":{"start":{"line":17,"column":45},"end":{"line":24,"column":1}},"2":{"start":{"line":20,"column":2},"end":{"line":23,"column":4}},"3":{"start":{"line":17,"column":13},"end":{"line":17,"column":45}},"4":{"start":{"line":26,"column":41},"end":{"line":31,"column":1}},"5":{"start":{"line":27,"column":2},"end":{"line":30,"column":4}},"6":{"start":{"line":26,"column":13},"end":{"line":26,"column":41}},"7":{"start":{"line":33,"column":38},"end":{"line":38,"column":1}},"8":{"start":{"line":34,"column":2},"end":{"line":37,"column":4}},"9":{"start":{"line":33,"column":13},"end":{"line":33,"column":38}}},"fnMap":{"0":{"name":"(anonymous_0)","decl":{"start":{"line":17,"column":45},"end":{"line":17,"column":null}},"loc":{"start":{"line":19,"column":19},"end":{"line":24,"column":1}}},"1":{"name":"(anonymous_1)","decl":{"start":{"line":26,"column":41},"end":{"line":26,"column":42}},"loc":{"start":{"line":26,"column":78},"end":{"line":31,"column":1}}},"2":{"name":"(anonymous_2)","decl":{"start":{"line":33,"column":38},"end":{"line":33,"column":39}},"loc":{"start":{"line":33,"column":77},"end":{"line":38,"column":1}}}},"branchMap":{},"s":{"0":1,"1":1,"2":1,"3":1,"4":1,"5":1,"6":1,"7":1,"8":2,"9":1},"f":{"0":1,"1":1,"2":2},"b":{}}
,"C:\\Users\\SrIzquierdo\\Desktop\\isdicoders\\bootcamp\\week-5\\buuble\\Bubbles-202307-mad\\src\\reducer\\countries.action.names.ts": {"path":"C:\\Users\\SrIzquierdo\\Desktop\\isdicoders\\bootcamp\\week-5\\buuble\\Bubbles-202307-mad\\src\\reducer\\countries.action.names.ts","statementMap":{"0":{"start":{"line":1,"column":13},"end":{"line":5,"column":2}}},"fnMap":{},"branchMap":{},"s":{"0":1},"f":{},"b":{}}
,"C:\\Users\\SrIzquierdo\\Desktop\\isdicoders\\bootcamp\\week-5\\buuble\\Bubbles-202307-mad\\src\\reducer\\countries.reducer.ts": {"path":"C:\\Users\\SrIzquierdo\\Desktop\\isdicoders\\bootcamp\\week-5\\buuble\\Bubbles-202307-mad\\src\\reducer\\countries.reducer.ts","statementMap":{"0":{"start":{"line":3,"column":0},"end":{"line":3,"column":59}},"1":{"start":{"line":10,"column":2},"end":{"line":18,"column":null}},"2":{"start":{"line":12,"column":6},"end":{"line":12,"column":45}},"3":{"start":{"line":15,"column":6},"end":{"line":15,"column":45}},"4":{"start":{"line":17,"column":6},"end":{"line":17,"column":45}},"5":{"start":{"line":6,"column":0},"end":{"line":6,"column":16}},"6":{"start":{"line":24,"column":2},"end":{"line":30,"column":null}},"7":{"start":{"line":26,"column":6},"end":{"line":26,"column":43}},"8":{"start":{"line":29,"column":6},"end":{"line":29,"column":43}},"9":{"start":{"line":20,"column":0},"end":{"line":20,"column":16}}},"fnMap":{"0":{"name":"countriesReducer","decl":{"start":{"line":6,"column":16},"end":{"line":6,"column":32}},"loc":{"start":{"line":8,"column":23},"end":{"line":19,"column":1}}},"1":{"name":"countryInfoReducer","decl":{"start":{"line":20,"column":16},"end":{"line":20,"column":34}},"loc":{"start":{"line":22,"column":23},"end":{"line":31,"column":1}}}},"branchMap":{"0":{"loc":{"start":{"line":10,"column":2},"end":{"line":18,"column":null}},"type":"switch","locations":[{"start":{"line":11,"column":4},"end":{"line":12,"column":45}},{"start":{"line":14,"column":4},"end":{"line":15,"column":45}},{"start":{"line":16,"column":4},"end":{"line":17,"column":45}}]},"1":{"loc":{"start":{"line":24,"column":2},"end":{"line":30,"column":null}},"type":"switch","locations":[{"start":{"line":25,"column":4},"end":{"line":26,"column":43}},{"start":{"line":28,"column":4},"end":{"line":29,"column":43}}]}},"s":{"0":1,"1":3,"2":1,"3":2,"4":0,"5":1,"6":1,"7":1,"8":0,"9":1},"f":{"0":3,"1":1},"b":{"0":[1,2,0],"1":[1,0]}}
,"C:\\Users\\SrIzquierdo\\Desktop\\isdicoders\\bootcamp\\week-5\\buuble\\Bubbles-202307-mad\\src\\service\\repository\\api_repository.ts": {"path":"C:\\Users\\SrIzquierdo\\Desktop\\isdicoders\\bootcamp\\week-5\\buuble\\Bubbles-202307-mad\\src\\service\\repository\\api_repository.ts","statementMap":{"0":{"start":{"line":8,"column":2},"end":{"line":8,"column":null}},"1":{"start":{"line":10,"column":4},"end":{"line":10,"column":27}},"2":{"start":{"line":13,"column":19},"end":{"line":37,"column":6}},"3":{"start":{"line":14,"column":23},"end":{"line":16,"column":16}},"4":{"start":{"line":17,"column":25},"end":{"line":21,"column":25}},"5":{"start":{"line":23,"column":26},"end":{"line":35,"column":8}},"6":{"start":{"line":36,"column":6},"end":{"line":36,"column":25}},"7":{"start":{"line":39,"column":4},"end":{"line":39,"column":18}},"8":{"start":{"line":43,"column":21},"end":{"line":43,"column":46}},"9":{"start":{"line":44,"column":17},"end":{"line":44,"column":38}},"10":{"start":{"line":45,"column":27},"end":{"line":45,"column":54}},"11":{"start":{"line":46,"column":4},"end":{"line":46,"column":26}},"12":{"start":{"line":7,"column":0},"end":{"line":7,"column":13}}},"fnMap":{"0":{"name":"(anonymous_0)","decl":{"start":{"line":9,"column":2},"end":{"line":9,"column":14}},"loc":{"start":{"line":9,"column":29},"end":{"line":11,"column":3}}},"1":{"name":"(anonymous_1)","decl":{"start":{"line":12,"column":10},"end":{"line":12,"column":15}},"loc":{"start":{"line":12,"column":36},"end":{"line":40,"column":3}}},"2":{"name":"(anonymous_2)","decl":{"start":{"line":13,"column":28},"end":{"line":13,"column":29}},"loc":{"start":{"line":13,"column":45},"end":{"line":37,"column":5}}},"3":{"name":"(anonymous_3)","decl":{"start":{"line":42,"column":2},"end":{"line":42,"column":7}},"loc":{"start":{"line":42,"column":14},"end":{"line":47,"column":3}}}},"branchMap":{"0":{"loc":{"start":{"line":14,"column":23},"end":{"line":16,"column":16}},"type":"cond-expr","locations":[{"start":{"line":15,"column":10},"end":{"line":15,"column":49}},{"start":{"line":16,"column":10},"end":{"line":16,"column":16}}]},"1":{"loc":{"start":{"line":17,"column":25},"end":{"line":21,"column":25}},"type":"cond-expr","locations":[{"start":{"line":18,"column":11},"end":{"line":20,"column":66}},{"start":{"line":21,"column":10},"end":{"line":21,"column":25}}]}},"s":{"0":6,"1":6,"2":0,"3":0,"4":0,"5":0,"6":0,"7":0,"8":0,"9":0,"10":0,"11":0,"12":1},"f":{"0":6,"1":0,"2":0,"3":0},"b":{"0":[0,0],"1":[0,0]}}
}
