TN:
SF:src\config.ts
FNF:0
FNH:0
DA:3,8
DA:10,8
LF:2
LH:2
BRF:0
BRH:0
end_of_record
TN:
SF:src\component\app\app.tsx
FN:6,App
FNF:1
FNH:1
FNDA:1,App
DA:1,1
DA:2,1
DA:3,1
DA:4,1
DA:7,1
DA:18,1
LF:6
LH:6
BRF:0
BRH:0
end_of_record
TN:
SF:src\component\app_routes\app_routes.tsx
FN:6,(anonymous_6)
FN:6,(anonymous_7)
FN:7,(anonymous_8)
FN:7,(anonymous_9)
FN:11,(anonymous_10)
FN:12,(anonymous_11)
FNF:6
FNH:6
FNDA:2,(anonymous_6)
FNDA:2,(anonymous_7)
FNDA:1,(anonymous_8)
FNDA:1,(anonymous_9)
FNDA:3,(anonymous_10)
FNDA:12,(anonymous_11)
DA:1,2
DA:2,2
DA:4,2
DA:6,4
DA:7,2
DA:11,2
DA:12,12
DA:13,3
LF:8
LH:8
BRF:0
BRH:0
end_of_record
TN:
SF:src\component\card\card.tsx
FN:9,(anonymous_1)
FN:16,(anonymous_2)
FNF:2
FNH:1
FNDA:1,(anonymous_1)
FNDA:0,(anonymous_2)
DA:1,3
DA:2,3
DA:3,3
DA:5,3
DA:9,3
DA:12,1
DA:13,1
DA:17,0
LF:8
LH:7
BRF:0
BRH:0
end_of_record
TN:
SF:src\component\countries\countries.tsx
FN:7,Countries
FN:12,(anonymous_2)
FN:21,(anonymous_3)
FNF:3
FNH:2
FNDA:1,Countries
FNDA:1,(anonymous_2)
FNDA:0,(anonymous_3)
DA:1,2
DA:2,2
DA:3,2
DA:4,2
DA:5,2
DA:6,2
DA:7,2
DA:10,1
DA:12,1
DA:13,1
DA:16,1
DA:22,0
LF:12
LH:11
BRF:0
BRH:0
end_of_record
TN:
SF:src\component\error_404\error_404.tsx
FN:4,(anonymous_1)
FNF:1
FNH:1
FNDA:1,(anonymous_1)
DA:1,1
DA:2,1
DA:3,1
DA:4,1
DA:5,1
DA:25,1
LF:6
LH:6
BRF:0
BRH:0
end_of_record
TN:
SF:src\component\footer\footer.tsx
FN:4,Footer
FNF:1
FNH:1
FNDA:2,Footer
DA:2,2
DA:4,2
DA:5,2
LF:3
LH:3
BRF:0
BRH:0
end_of_record
TN:
SF:src\component\header\header.tsx
FN:3,(anonymous_1)
FNF:1
FNH:1
FNDA:2,(anonymous_1)
DA:1,2
DA:2,2
DA:3,2
DA:4,2
LF:4
LH:4
BRF:0
BRH:0
end_of_record
TN:
SF:src\component\info\info.tsx
FN:7,Info
FNF:1
FNH:1
FNDA:1,Info
DA:1,3
DA:2,3
DA:3,3
DA:4,3
DA:5,3
DA:7,3
DA:10,1
DA:12,1
LF:8
LH:8
BRF:0
BRH:0
end_of_record
TN:
SF:src\component\menu\menu.tsx
FN:4,Menu
FN:9,(anonymous_2)
FNF:2
FNH:2
FNDA:3,Menu
FNDA:12,(anonymous_2)
DA:1,3
DA:2,3
DA:3,3
DA:4,3
DA:5,3
DA:10,12
LF:6
LH:6
BRF:0
BRH:0
end_of_record
TN:
SF:src\component\option_filter\option_filter.tsx
FN:5,OptionFilter
FN:12,(anonymous_1)
FN:20,(anonymous_2)
FNF:3
FNH:2
FNDA:2,OptionFilter
FNDA:0,(anonymous_1)
FNDA:12,(anonymous_2)
DA:1,3
DA:2,3
DA:3,3
DA:5,3
DA:8,2
DA:9,2
DA:13,0
DA:21,12
LF:8
LH:7
BRF:0
BRH:0
end_of_record
TN:
SF:src\component\page_controler\page_controler.tsx
FN:4,PageControler
FNF:1
FNH:1
FNDA:2,PageControler
DA:1,3
DA:2,3
DA:3,3
DA:4,3
DA:7,2
DA:9,2
LF:6
LH:6
BRF:0
BRH:0
end_of_record
TN:
SF:src\context\app_context.ts
FNF:0
FNH:0
DA:1,8
DA:8,8
LF:2
LH:2
BRF:0
BRH:0
end_of_record
TN:
SF:src\context\app_context_provider.tsx
FN:8,AppContextProvider
FNF:1
FNH:1
FNDA:4,AppContextProvider
DA:2,4
DA:3,4
DA:8,4
DA:9,4
DA:13,4
LF:5
LH:5
BRF:0
BRH:0
end_of_record
TN:
SF:src\hooks\use_countries.ts
FN:16,useCountries
FN:17,(anonymous_7)
FN:25,(anonymous_8)
FN:32,(anonymous_9)
FN:40,(anonymous_10)
FN:43,(anonymous_11)
FN:50,(anonymous_12)
FN:55,(anonymous_13)
FN:58,(anonymous_14)
FN:64,(anonymous_15)
FN:72,(anonymous_16)
FN:88,(anonymous_17)
FN:94,(anonymous_18)
FNF:13
FNH:10
FNDA:11,useCountries
FNDA:8,(anonymous_7)
FNDA:2,(anonymous_8)
FNDA:2,(anonymous_9)
FNDA:1,(anonymous_10)
FNDA:1,(anonymous_11)
FNDA:0,(anonymous_12)
FNDA:2,(anonymous_13)
FNDA:1,(anonymous_14)
FNDA:2,(anonymous_15)
FNDA:3,(anonymous_16)
FNDA:0,(anonymous_17)
FNDA:0,(anonymous_18)
DA:1,5
DA:2,5
DA:4,5
DA:5,5
DA:9,5
DA:11,5
DA:12,5
DA:13,5
DA:14,5
DA:15,5
DA:16,5
DA:17,11
DA:18,11
DA:19,11
DA:20,11
DA:25,11
DA:26,2
DA:27,2
DA:28,1
DA:29,1
DA:30,1
DA:32,2
DA:36,1
DA:40,11
DA:41,1
DA:43,11
DA:44,1
DA:45,1
DA:47,1
DA:48,1
DA:49,0
DA:50,0
DA:52,0
DA:54,1
DA:55,2
DA:57,1
DA:58,1
DA:60,1
DA:64,11
DA:65,2
DA:66,2
DA:67,2
DA:69,2
DA:70,0
DA:72,2
DA:73,3
DA:74,0
DA:75,0
DA:77,3
DA:80,3
DA:81,3
DA:84,2
DA:85,2
DA:88,11
DA:89,0
DA:90,0
DA:91,0
DA:94,11
DA:95,0
DA:96,0
DA:97,0
DA:100,11
LF:62
LH:50
BRDA:44,0,0,1
BRDA:48,1,0,0
BRDA:48,1,1,1
BRDA:69,2,0,0
BRDA:73,3,0,0
BRDA:73,3,1,3
BRDA:89,4,0,0
BRDA:95,5,0,0
BRF:8
BRH:3
end_of_record
TN:
SF:src\pages\home\page_home.tsx
FN:3,(anonymous_0)
FNF:1
FNH:0
FNDA:0,(anonymous_0)
DA:1,1
DA:3,1
DA:4,0
DA:10,1
LF:4
LH:3
BRF:0
BRH:0
end_of_record
TN:
SF:src\reducer\countries.action.creator.ts
FN:17,(anonymous_0)
FN:26,(anonymous_1)
FN:33,(anonymous_2)
FNF:3
FNH:3
FNDA:2,(anonymous_0)
FNDA:2,(anonymous_1)
FNDA:2,(anonymous_2)
DA:6,6
DA:17,6
DA:20,2
DA:26,6
DA:27,2
DA:33,6
DA:34,2
LF:7
LH:7
BRF:0
BRH:0
end_of_record
TN:
SF:src\reducer\countries.action.names.ts
FNF:0
FNH:0
DA:1,6
LF:1
LH:1
BRF:0
BRH:0
end_of_record
TN:
SF:src\reducer\countries.reducer.ts
FN:6,countriesReducer
FN:20,countryInfoReducer
FNF:2
FNH:2
FNDA:4,countriesReducer
FNDA:2,countryInfoReducer
DA:3,6
DA:6,6
DA:10,4
DA:12,2
DA:15,2
DA:17,0
DA:20,6
DA:24,2
DA:26,2
DA:29,0
LF:10
LH:8
BRDA:10,0,0,2
BRDA:10,0,1,2
BRDA:10,0,2,0
BRDA:24,1,0,2
BRDA:24,1,1,0
BRF:5
BRH:3
end_of_record
TN:
SF:src\service\countries_data.ts
FNF:0
FNH:0
DA:3,1
LF:1
LH:1
BRF:0
BRH:0
end_of_record
TN:
SF:src\service\repository\api_repository.ts
FN:9,(anonymous_0)
FN:12,(anonymous_1)
FN:13,(anonymous_2)
FN:42,(anonymous_3)
FNF:4
FNH:4
FNDA:9,(anonymous_0)
FNDA:1,(anonymous_1)
FNDA:2,(anonymous_2)
FNDA:2,(anonymous_3)
DA:7,6
DA:8,9
DA:10,9
DA:13,1
DA:14,2
DA:17,2
DA:23,2
DA:36,2
DA:39,1
DA:43,2
DA:44,1
DA:45,1
DA:46,1
LF:13
LH:13
BRDA:14,0,0,1
BRDA:14,0,1,1
BRDA:17,1,0,1
BRDA:17,1,1,1
BRF:4
BRH:4
end_of_record
