TN:
SF:src\config.ts
FNF:0
FNH:0
DA:3,6
DA:10,6
LF:2
LH:2
BRF:0
BRH:0
end_of_record
TN:
SF:src\component\app\app.tsx
FN:6,App
FNF:1
FNH:1
FNDA:1,App
DA:1,1
DA:2,1
DA:3,1
DA:4,1
DA:7,1
DA:18,1
LF:6
LH:6
BRF:0
BRH:0
end_of_record
TN:
SF:src\component\app_routes\app_routes.tsx
FN:5,(anonymous_6)
FN:5,(anonymous_7)
FN:8,(anonymous_8)
FN:8,(anonymous_9)
FN:12,(anonymous_10)
FN:13,(anonymous_11)
FNF:6
FNH:4
FNDA:1,(anonymous_6)
FNDA:1,(anonymous_7)
FNDA:0,(anonymous_8)
FNDA:0,(anonymous_9)
FNDA:1,(anonymous_10)
FNDA:4,(anonymous_11)
DA:1,1
DA:2,1
DA:5,2
DA:8,1
DA:12,1
DA:13,4
DA:14,1
LF:7
LH:7
BRF:0
BRH:0
end_of_record
TN:
SF:src\component\card\card.tsx
FN:6,(anonymous_1)
FNF:1
FNH:1
FNDA:2,(anonymous_1)
DA:2,3
DA:6,3
DA:7,2
LF:3
LH:3
BRF:0
BRH:0
end_of_record
TN:
SF:src\component\countries\countries.tsx
FN:6,Countries
FN:11,(anonymous_2)
FNF:2
FNH:2
FNDA:1,Countries
FNDA:1,(anonymous_2)
DA:1,2
DA:2,2
DA:3,2
DA:4,2
DA:5,2
DA:6,2
DA:7,1
DA:12,1
LF:8
LH:8
BRF:0
BRH:0
end_of_record
TN:
SF:src\component\error_404\error_404.tsx
FN:4,(anonymous_1)
FNF:1
FNH:1
FNDA:1,(anonymous_1)
DA:1,1
DA:2,1
DA:3,1
DA:4,1
DA:5,1
DA:26,1
LF:6
LH:6
BRF:0
BRH:0
end_of_record
TN:
SF:src\component\footer\footer.tsx
FN:4,Footer
FNF:1
FNH:1
FNDA:2,Footer
DA:2,2
DA:4,2
DA:5,2
LF:3
LH:3
BRF:0
BRH:0
end_of_record
TN:
SF:src\component\header\header.tsx
FN:3,(anonymous_1)
FNF:1
FNH:1
FNDA:2,(anonymous_1)
DA:1,2
DA:2,2
DA:3,2
DA:4,2
LF:4
LH:4
BRF:0
BRH:0
end_of_record
TN:
SF:src\component\menu\menu.tsx
FN:4,Menu
FN:10,(anonymous_2)
FNF:2
FNH:2
FNDA:3,Menu
FNDA:12,(anonymous_2)
DA:1,3
DA:2,3
DA:3,3
DA:4,3
DA:5,3
DA:6,3
DA:11,12
LF:7
LH:7
BRF:0
BRH:0
end_of_record
TN:
SF:src\component\option_filter\option_filter.tsx
FN:3,OptionFilter
FN:10,(anonymous_1)
FNF:2
FNH:2
FNDA:2,OptionFilter
FNDA:12,(anonymous_1)
DA:1,3
DA:3,3
DA:4,2
DA:11,12
LF:4
LH:4
BRF:0
BRH:0
end_of_record
TN:
SF:src\component\page_controler\page_controler.tsx
FN:2,PageControler
FNF:1
FNH:1
FNDA:2,PageControler
DA:1,3
DA:2,3
DA:3,2
LF:3
LH:3
BRF:0
BRH:0
end_of_record
TN:
SF:src\pages\home\home.tsx
FN:3,(anonymous_0)
FNF:1
FNH:0
FNDA:0,(anonymous_0)
DA:1,1
DA:3,1
DA:4,0
DA:10,1
LF:4
LH:3
BRF:0
BRH:0
end_of_record
TN:
SF:src\service\countries_data.ts
FNF:0
FNH:0
DA:3,2
LF:1
LH:1
BRF:0
BRH:0
end_of_record
